2025-10-01 15:03:34 - Inference - INFO - [DB] Object created: {'track_id': '2', 'type': 'Person'}
2025-10-01 15:04:56 - Inference - INFO - [DB] Object created: {'track_id': '1', 'type': 'Person'}
2025-10-03 11:14:59 - Inference - INFO - [DB] Object created: {'action': 'insert_object', 'object_id': '1', 'object_type': 'NO-Hardhat'}
2025-10-03 11:14:59 - Inference - INFO - [DB] Object created: {'action': 'insert_object', 'object_id': '2', 'object_type': 'Person'}
2025-10-03 11:17:48 - Inference - INFO - [DB] Object created: {'action': 'insert_object', 'object_id': '2', 'object_type': 'Person'}
2025-10-03 11:17:50 - Inference - INFO - [DB] Object created: {'action': 'insert_object', 'object_id': '4', 'object_type': 'Hardhat'}
2025-10-03 11:29:23 - Inference - INFO - [DB] Object created: {'action': 'insert_object', 'object_id': '1', 'object_type': 'Person'}
2025-10-03 11:32:11 - Inference - INFO - [DB] Object created: {'action': 'insert_object', 'object_id': '1', 'object_type': 'Person'}
2025-10-03 11:36:20 - Inference - INFO - [DB] Object created: {'action': 'insert_object', 'object_id': '1', 'object_type': 'Person'}
2025-10-03 11:37:07 - Inference - INFO - [DB] Object created: {'action': 'insert_object', 'object_id': '1', 'type': 'Person'}
2025-10-06 14:57:42 - Inference - INFO - [DB] Object created: {'action': 'insert_object', 'object_id': 1, 'type': 'Person'}
2025-10-06 14:57:54 - Inference - INFO - [DB] Object created: {'action': 'insert_object', 'object_id': 3, 'type': 'Person'}
2025-10-06 14:57:56 - Inference - INFO - [DB] Object created: {'action': 'insert_object', 'object_id': 1, 'type': 'Person'}
2025-10-06 14:58:15 - Inference - INFO - [DB] Object created: {'action': 'insert_object', 'object_id': 6, 'type': 'Person'}
2025-10-06 14:58:16 - Inference - INFO - [DB] Object created: {'action': 'insert_object', 'object_id': 7, 'type': 'Person'}
2025-10-06 14:58:18 - Inference - INFO - [DB] Object created: {'action': 'insert_object', 'object_id': 8, 'type': 'Person'}
2025-10-06 15:03:45 - Inference - INFO - [DB] Object created: {'action': 'insert_object', 'object_id': 1, 'type': 'Person'}
2025-10-06 15:03:53 - Inference - INFO - [DB] Object created: {'action': 'insert_object', 'object_id': 1, 'type': 'Person'}
2025-10-06 15:03:59 - Inference - INFO - [DB] Object created: {'action': 'insert_object', 'object_id': 1, 'type': 'Person'}
2025-10-06 15:04:02 - Inference - INFO - [DB] Object created: {'action': 'insert_object', 'object_id': 1, 'type': 'Person'}
2025-10-06 15:04:04 - Inference - INFO - [DB] Object created: {'action': 'insert_object', 'object_id': 1, 'type': 'Person'}
2025-10-06 15:04:05 - Inference - INFO - [DB] Object created: {'action': 'insert_object', 'object_id': 1, 'type': 'Person'}
2025-10-06 15:04:06 - Inference - INFO - [DB] Object created: {'action': 'insert_object', 'object_id': 1, 'type': 'Person'}
2025-10-06 15:04:07 - Inference - INFO - [DB] Object created: {'action': 'insert_object', 'object_id': 1, 'type': 'Person'}
2025-10-06 15:04:08 - Inference - INFO - [DB] Object created: {'action': 'insert_object', 'object_id': 1, 'type': 'Person'}
2025-10-06 15:04:09 - Inference - INFO - [DB] Object created: {'action': 'insert_object', 'object_id': 1, 'type': 'Person'}
2025-10-06 15:04:10 - Inference - INFO - [DB] Object created: {'action': 'insert_object', 'object_id': 1, 'type': 'Person'}
2025-10-06 15:04:35 - Inference - INFO - [DB] Object created: {'action': 'insert_object', 'object_id': 1, 'type': 'Person'}
2025-10-06 15:04:47 - Inference - INFO - [DB] Object created: {'action': 'insert_object', 'object_id': 1, 'type': 'Person'}
2025-10-06 15:04:48 - Inference - INFO - [DB] Object created: {'action': 'insert_object', 'object_id': 1, 'type': 'Person'}
2025-10-06 15:05:23 - Inference - INFO - [DB] Object created: {'action': 'insert_object', 'object_id': 9, 'type': 'Person'}
2025-10-06 15:05:24 - Inference - INFO - [DB] Object created: {'action': 'insert_object', 'object_id': 10, 'type': 'Person'}
2025-10-06 15:05:24 - Inference - INFO - [DB] Object created: {'action': 'insert_object', 'object_id': 1, 'type': 'Person'}
2025-10-06 15:05:25 - Inference - INFO - [DB] Object created: {'action': 'insert_object', 'object_id': 9, 'type': 'Person'}
2025-10-06 15:05:26 - Inference - INFO - [DB] Object created: {'action': 'insert_object', 'object_id': 1, 'type': 'Person'}
2025-10-06 15:05:27 - Inference - INFO - [DB] Object created: {'action': 'insert_object', 'object_id': 10, 'type': 'Person'}
2025-10-06 15:05:27 - Inference - INFO - [DB] Object created: {'action': 'insert_object', 'object_id': 9, 'type': 'Person'}
2025-10-06 15:05:29 - Inference - INFO - [DB] Object created: {'action': 'insert_object', 'object_id': 1, 'type': 'Person'}
2025-10-06 15:05:29 - Inference - INFO - [DB] Object created: {'action': 'insert_object', 'object_id': 10, 'type': 'Person'}
2025-10-06 15:05:32 - Inference - INFO - [DB] Object created: {'action': 'insert_object', 'object_id': 10, 'type': 'Person'}
2025-10-06 15:05:34 - Inference - INFO - [DB] Object created: {'action': 'insert_object', 'object_id': 10, 'type': 'Person'}
2025-10-06 15:05:43 - Inference - INFO - [DB] Object created: {'action': 'insert_object', 'object_id': 16, 'type': 'Person'}
2025-10-06 15:10:29 - Inference - INFO - [DB] Object created: {'action': 'insert_object', 'object_id': 1, 'type': 'Person'}
2025-10-06 15:13:09 - Inference - INFO - [DB] Object created: {'action': 'insert_object', 'object_id': 1, 'type': 'Person'}
2025-10-06 15:13:09 - Inference - INFO - [DB] Object created: {'action': 'insert_object', 'object_id': 2, 'type': 'Person'}
2025-10-06 15:13:10 - Inference - INFO - [DB] Object created: {'action': 'insert_object', 'object_id': 1, 'type': 'Person'}
2025-10-06 15:13:12 - Inference - INFO - [DB] Object created: {'action': 'insert_object', 'object_id': 3, 'type': 'Person'}
2025-10-06 15:13:13 - Inference - INFO - [DB] Object created: {'action': 'insert_object', 'object_id': 4, 'type': 'Person'}
2025-10-06 15:13:17 - Inference - INFO - [DB] Object created: {'action': 'insert_object', 'object_id': 5, 'type': 'Person'}
2025-10-06 15:13:18 - Inference - INFO - [DB] Object created: {'action': 'insert_object', 'object_id': 6, 'type': 'Person'}
2025-10-06 15:13:21 - Inference - INFO - [DB] Object created: {'action': 'insert_object', 'object_id': 8, 'type': 'Person'}
2025-10-08 14:02:24 - Main - ERROR - Unexpected error in main loop: 'EventManager' object has no attribute 'set_zones'
2025-10-08 14:02:25 - Main - ERROR - Unexpected error in main loop: 'EventManager' object has no attribute 'set_zones'
2025-10-08 14:02:26 - Main - ERROR - Unexpected error in main loop: 'EventManager' object has no attribute 'set_zones'
2025-10-08 14:02:27 - Main - ERROR - Unexpected error in main loop: 'EventManager' object has no attribute 'set_zones'
2025-10-08 14:02:28 - Main - ERROR - Unexpected error in main loop: 'EventManager' object has no attribute 'set_zones'
2025-10-08 14:02:29 - Main - ERROR - Unexpected error in main loop: 'EventManager' object has no attribute 'set_zones'
2025-10-08 14:04:32 - Main - ERROR - Unexpected error in main loop: 'EventManager' object has no attribute 'set_zones'
2025-10-08 14:04:33 - Main - ERROR - Unexpected error in main loop: 'EventManager' object has no attribute 'set_zones'
2025-10-08 14:04:34 - Main - ERROR - Unexpected error in main loop: 'EventManager' object has no attribute 'set_zones'
2025-10-08 14:04:35 - Main - ERROR - Unexpected error in main loop: 'EventManager' object has no attribute 'set_zones'
2025-10-08 14:04:36 - Main - ERROR - Unexpected error in main loop: 'EventManager' object has no attribute 'set_zones'
2025-10-08 14:04:37 - Main - ERROR - Unexpected error in main loop: 'EventManager' object has no attribute 'set_zones'
2025-10-08 14:04:38 - Main - ERROR - Unexpected error in main loop: 'EventManager' object has no attribute 'set_zones'
2025-10-08 14:04:39 - Main - ERROR - Unexpected error in main loop: 'EventManager' object has no attribute 'set_zones'
2025-10-08 14:04:40 - Main - ERROR - Unexpected error in main loop: 'EventManager' object has no attribute 'set_zones'
2025-10-08 14:05:58 - Inference - INFO - Creating object: ID=1, Type=Person
2025-10-08 14:05:58 - Inference - INFO - Creating event: Object 1 detected without PPE
2025-10-08 14:05:58 - DatabaseManager - ERROR - Failed to insert object: UNIQUE constraint failed: object.object_id
2025-10-08 14:06:01 - DeviceRuntime - WARNING - No response received for status check
2025-10-08 14:06:02 - Inference - INFO - Creating object: ID=2, Type=Person
2025-10-08 14:06:02 - Inference - INFO - Creating event: Object 2 detected without PPE
2025-10-08 14:06:06 - DeviceRuntime - WARNING - No response received for status check
2025-10-08 14:06:11 - DeviceRuntime - WARNING - No response received for status check
2025-10-08 14:06:12 - Inference - INFO - Creating object: ID=4, Type=Person
2025-10-08 14:06:12 - Inference - INFO - Creating event: Object 4 detected without PPE
2025-10-08 14:06:16 - DeviceRuntime - WARNING - No response received for status check
2025-10-08 14:06:17 - Inference - INFO - Creating object: ID=6, Type=Person
2025-10-08 14:06:17 - Inference - INFO - Creating event: Object 6 detected without PPE
2025-10-08 14:06:17 - Main - WARNING - No response from database worker for status check
2025-10-08 14:06:19 - Main - WARNING - No response from database worker for status check
2025-10-08 14:06:20 - Main - WARNING - No response from database worker for status check
2025-10-08 14:06:21 - Main - WARNING - No response from database worker for status check
2025-10-08 14:06:22 - Main - WARNING - No response from database worker for status check
2025-10-08 14:06:23 - Main - WARNING - No response from database worker for status check
2025-10-08 14:06:25 - Main - WARNING - No response from database worker for status check
2025-10-08 14:06:26 - Main - WARNING - No response from database worker for status check
2025-10-08 14:06:27 - Main - WARNING - No response from database worker for status check
2025-10-08 14:06:28 - Main - WARNING - No response from database worker for status check
2025-10-08 14:06:29 - Main - WARNING - No response from database worker for status check
2025-10-08 14:06:31 - Main - WARNING - No response from database worker for status check
2025-10-08 14:06:32 - Main - WARNING - No response from database worker for status check
2025-10-08 14:06:33 - Main - WARNING - No response from database worker for status check
2025-10-08 14:06:34 - Main - WARNING - No response from database worker for status check
2025-10-08 14:06:36 - Main - WARNING - No response from database worker for status check
2025-10-08 14:06:37 - Main - WARNING - No response from database worker for status check
2025-10-08 14:06:38 - Main - WARNING - No response from database worker for status check
2025-10-08 14:06:39 - Main - WARNING - No response from database worker for status check
2025-10-08 14:06:40 - Main - WARNING - No response from database worker for status check
2025-10-08 14:06:42 - Main - WARNING - No response from database worker for status check
2025-10-08 14:06:43 - Main - WARNING - No response from database worker for status check
2025-10-08 14:06:44 - Main - WARNING - No response from database worker for status check
2025-10-08 14:06:45 - Main - WARNING - No response from database worker for status check
2025-10-08 14:06:46 - Main - WARNING - No response from database worker for status check
2025-10-08 14:06:48 - Main - WARNING - No response from database worker for status check
2025-10-08 14:06:49 - Main - WARNING - No response from database worker for status check
2025-10-08 14:06:50 - Main - WARNING - No response from database worker for status check
2025-10-08 14:06:51 - Main - WARNING - No response from database worker for status check
2025-10-08 14:06:53 - Main - WARNING - No response from database worker for status check
2025-10-08 14:06:54 - Main - WARNING - No response from database worker for status check
2025-10-08 14:06:55 - Main - WARNING - No response from database worker for status check
2025-10-08 14:06:56 - Main - WARNING - No response from database worker for status check
2025-10-08 14:06:57 - Main - WARNING - No response from database worker for status check
2025-10-08 14:06:59 - Main - WARNING - No response from database worker for status check
2025-10-08 14:07:00 - Main - WARNING - No response from database worker for status check
2025-10-08 14:07:01 - Main - WARNING - No response from database worker for status check
2025-10-08 14:07:02 - Main - WARNING - No response from database worker for status check
2025-10-08 14:07:03 - Main - WARNING - No response from database worker for status check
2025-10-08 14:07:05 - Main - WARNING - No response from database worker for status check
2025-10-08 14:07:06 - Main - WARNING - No response from database worker for status check
2025-10-08 14:07:07 - Main - WARNING - No response from database worker for status check
2025-10-08 14:07:08 - Main - WARNING - No response from database worker for status check
2025-10-08 14:07:09 - Main - WARNING - No response from database worker for status check
2025-10-08 14:07:11 - Main - WARNING - No response from database worker for status check
2025-10-08 14:12:40 - Inference - INFO - Creating object: ID=1, Type=Person
2025-10-08 14:12:40 - Inference - INFO - Creating event: Object 1 detected without PPE
2025-10-08 14:12:40 - DatabaseManager - ERROR - Failed to insert object: UNIQUE constraint failed: object.object_id
2025-10-08 14:12:41 - Inference - INFO - Creating object: ID=3, Type=Person
2025-10-08 14:12:41 - Inference - INFO - Creating event: Object 3 detected without PPE
2025-10-08 14:12:43 - DeviceRuntime - WARNING - No response received for status check
2025-10-08 14:12:48 - DeviceRuntime - WARNING - No response received for status check
2025-10-08 14:12:49 - Inference - INFO - Creating object: ID=4, Type=Person
2025-10-08 14:12:49 - Inference - INFO - Creating event: Object 4 detected without PPE
2025-10-08 14:12:53 - Main - WARNING - No response from database worker for status check
2025-10-08 14:12:54 - Main - WARNING - No response from database worker for status check
2025-10-08 14:12:55 - Main - WARNING - No response from database worker for status check
2025-10-08 14:12:57 - Main - WARNING - No response from database worker for status check
2025-10-08 14:12:58 - Main - WARNING - No response from database worker for status check
2025-10-08 14:12:59 - Main - WARNING - No response from database worker for status check
2025-10-08 14:13:00 - Main - WARNING - No response from database worker for status check
2025-10-08 14:13:02 - Main - WARNING - No response from database worker for status check
